2018-03-22 11:25:00,328-BrowserEngine-INFO-You had select Firefox browser.
2018-03-22 11:25:00,328-BrowserEngine-INFO-The test server url is: https://www.baidu.com
2018-03-22 11:25:05,477-BrowserEngine-INFO-starting firefox browser.
2018-03-22 11:25:08,825-BrowserEngine-INFO-open url:https://www.baidu.com
2018-03-22 11:25:12,329-BrowserEngine-INFO-Maximize the current window
2018-03-22 11:25:12,334-BrowserEngine-INFO-Set implicitly wait 10 seconds.
2018-03-22 11:25:12,348-BasePage-INFO-Had find the element '  ' successfulby id via vuale: kw
2018-03-22 11:25:12,417-BasePage-INFO-Had type 'selenium' in inputBox
2018-03-22 11:25:14,430-BasePage-INFO-Had find the element '' successfulby xpath via value: //*[@id='su']
2018-03-22 11:25:14,661-BasePage-INFO-The element '' was clicked.
2018-03-22 11:25:16,766-BasePage-INFO-Had take screenshot and save to folder:/screenshots
2018-03-22 11:25:16,769-BasePage-INFO-current page title is selenium_百度搜索
2018-03-22 11:25:17,023-BrowserEngine-INFO-You had select Firefox browser.
2018-03-22 11:25:17,023-BrowserEngine-INFO-The test server url is: https://www.baidu.com
2018-03-22 11:25:22,157-BrowserEngine-INFO-starting firefox browser.
2018-03-22 11:25:23,167-BrowserEngine-INFO-open url:https://www.baidu.com
2018-03-22 11:25:26,676-BrowserEngine-INFO-Maximize the current window
2018-03-22 11:25:26,678-BrowserEngine-INFO-Set implicitly wait 10 seconds.
2018-03-22 11:25:26,694-BasePage-INFO-Had find the element '  ' successfulby id via vuale: kw
2018-03-22 11:25:26,763-BasePage-INFO-Had type 'python' in inputBox
2018-03-22 11:25:26,782-BasePage-INFO-Had find the element '' successfulby xpath via value: //*[@id='su']
2018-03-22 11:25:27,022-BasePage-INFO-The element '' was clicked.
2018-03-22 11:25:29,115-BasePage-INFO-Had take screenshot and save to folder:/screenshots
2018-03-22 11:25:56,364-BrowserEngine-INFO-You had select Firefox browser.
2018-03-22 11:25:56,364-BrowserEngine-INFO-The test server url is: https://www.baidu.com
2018-03-22 11:26:01,523-BrowserEngine-INFO-starting firefox browser.
2018-03-22 11:26:04,272-BrowserEngine-INFO-open url:https://www.baidu.com
2018-03-22 11:26:07,782-BrowserEngine-INFO-Maximize the current window
2018-03-22 11:26:07,785-BrowserEngine-INFO-Set implicitly wait 10 seconds.
2018-03-22 11:26:07,801-BasePage-INFO-Had find the element '  ' successfulby id via vuale: kw
2018-03-22 11:26:07,875-BasePage-INFO-Had type 'selenium' in inputBox
2018-03-22 11:26:09,890-BasePage-INFO-Had find the element '' successfulby xpath via value: //*[@id='su']
2018-03-22 11:26:10,141-BasePage-INFO-The element '' was clicked.
2018-03-22 11:26:12,243-BasePage-INFO-Had take screenshot and save to folder:/screenshots
2018-03-22 11:26:12,246-BasePage-INFO-current page title is selenium_百度搜索
2018-03-22 11:26:12,260-BasePage-INFO-Had find the element '  ' successfulby id via vuale: kw
2018-03-22 11:26:12,309-BasePage-INFO-Had type 'python' in inputBox
2018-03-22 11:26:12,322-BasePage-INFO-Had find the element '' successfulby xpath via value: //*[@id='su']
2018-03-22 11:26:12,563-BasePage-INFO-The element '' was clicked.
2018-03-22 11:26:14,653-BasePage-INFO-Had take screenshot and save to folder:/screenshots
